<?xml version="1.0" encoding="UTF-8"?>
<testng-results total="1" passed="1" failed="0" skipped="0">
  <reporter-output>
  </reporter-output>
  <suite started-at="2020-06-09T22:35:31Z" name="Default suite" finished-at="2020-06-09T22:35:42Z" duration-ms="10513">
    <groups>
    </groups>
    <test started-at="2020-06-09T22:35:31Z" name="Default test" finished-at="2020-06-09T22:35:42Z" duration-ms="10513">
      <class name="internetexplorer">
        <test-method signature="lauchexplorer()[pri:0, instance:internetexplorer@729d991e]" started-at="2020-06-10T08:35:32Z" name="lauchexplorer" finished-at="2020-06-10T08:35:42Z" duration-ms="10438" status="PASS">
          <reporter-output>
          </reporter-output>
        </test-method> <!-- lauchexplorer -->
      </class> <!-- internetexplorer -->
    </test> <!-- Default test -->
  </suite> <!-- Default suite -->
</testng-results>
